<?xml version="1.0" encoding="utf-8"?><testsuites><testsuite name="pytest" errors="0" failures="0" skipped="0" tests="18" time="3.095" timestamp="2022-03-25T09:18:56.486237" hostname="LAPTOP-50875VDK"><testcase classname="test_routes.FlaskTestCase" name="test_about" time="0.071" /><testcase classname="test_routes.FlaskTestCase" name="test_account" time="0.012" /><testcase classname="test_routes.FlaskTestCase" name="test_deleted_post" time="0.007" /><testcase classname="test_routes.FlaskTestCase" name="test_home" time="0.122" /><testcase classname="test_routes.FlaskTestCase" name="test_home_shows_login" time="0.005" /><testcase classname="test_routes.FlaskTestCase" name="test_id_post" time="0.033" /><testcase classname="test_routes.FlaskTestCase" name="test_login" time="0.042" /><testcase classname="test_routes.FlaskTestCase" name="test_login_correctly" time="0.013" /><testcase classname="test_routes.FlaskTestCase" name="test_login_incorrectly" time="0.011" /><testcase classname="test_routes.FlaskTestCase" name="test_logout" time="0.007" /><testcase classname="test_routes.FlaskTestCase" name="test_logout_correctly" time="0.042" /><testcase classname="test_routes.FlaskTestCase" name="test_new_post" time="0.009" /><testcase classname="test_routes.FlaskTestCase" name="test_register" time="0.051" /><testcase classname="test_routes.FlaskTestCase" name="test_reset_password" time="0.023" /><testcase classname="test_routes.FlaskTestCase" name="test_reset_password_token" time="0.008" /><testcase classname="test_routes.FlaskTestCase" name="test_startpage" time="0.026" /><testcase classname="test_routes.FlaskTestCase" name="test_update_post" time="0.008" /><testcase classname="test_routes.FlaskTestCase" name="test_user_page" time="0.050" /></testsuite></testsuites>